Arguments: 
  D:\Program Files\nodejs\node.exe C:\Users\EM\AppData\Roaming\npm\node_modules\yarn\bin\yarn.js

PATH: 
  C:\ProgramData\Oracle\Java\javapath;D:\app\eastmoney\product\12.1.0\dbhome_1\bin;C:\Program Files (x86)\NVIDIA Corporation\PhysX\Common;C:\Python27\;C:\Python27\Scripts;D:\app\EM\product\11.2.0\client_2\bin;D:\app\EM\product\11.2.0\client_1;C:\WINDOWS\system32;C:\WINDOWS;C:\WINDOWS\System32\Wbem;C:\WINDOWS\System32\WindowsPowerShell\v1.0\;C:\Program Files\Intel\WiFi\bin\;C:\Program Files\Common Files\Intel\WirelessCommon\;C:\Program Files (x86)\Windows Kits\8.1\Windows Performance Toolkit\;C:\Program Files\Microsoft SQL Server\110\Tools\Binn\;C:\Program Files (x86)\Microsoft SQL Server\100\Tools\Binn\;C:\Program Files\Microsoft SQL Server\100\Tools\Binn\;C:\Program Files\Microsoft SQL Server\100\DTS\Binn\;C:\Program Files (x86)\Microsoft SQL Server\100\Tools\Binn\VSShell\Common7\IDE\;C:\Program Files (x86)\Microsoft SQL Server\100\DTS\Binn\;C:\Program Files\TortoiseSVN\bin;C:\Program Files\Microsoft\Web Platform Installer\;C:\Program Files\Microsoft SQL Server\120\Tools\Binn\;C:\Program Files\dotnet\;C:\Users\EM\.dnx\bin;C:\Program Files\Microsoft DNX\Dnvm\;C:\Program Files\Microsoft SQL Server\130\Tools\Binn\;C:\WINDOWS\System32\OpenSSH\;"C:\Program Files\Java\jdk1.8.0_144\bin;C:\Program Files\Java\jdk1.8.0_144\jre\bin;";C:\Program Files\Git\cmd;C:\Program Files\TortoiseGit\bin;C:\Program Files\wkhtmltopdf\bin;D:\Program Files\nodejs\;C:\Users\EM\AppData\Local\Microsoft\WindowsApps;D:\soft\SSHSecureShellClient;D:\zxw\Microsoft VS Code\bin;D:\Users\EM\AppData\Local\Programs\Microsoft VS Code\bin;C:\Users\EM\AppData\Roaming\npm

Yarn version: 
  1.21.1

Node version: 
  12.14.1

Platform: 
  win32 x64

Trace: 
  Error: getaddrinfo ENOTFOUND registry.yarnpkg.com
      at GetAddrInfoReqWrap.onlookup [as oncomplete] (dns.js:60:26)

npm manifest: 
  {
    "name": "compound-helper-miniprog",
    "version": "0.0.2",
    "description": "A WePY project",
    "main": "weapp/app.js",
    "scripts": {
      "dev": "./node_modules/.bin/wepy build --watch",
      "build": "cross-env NODE_ENV=production ./node_modules/.bin/wepy build --no-cache",
      "clean": "rm -rf weapp",
      "test": "echo \"Error: no test specified\" && exit 1"
    },
    "wepy": {
      "module-a": false,
      "./src/components/list": "./src/components/wepy-list.wpy"
    },
    "author": "beyondverage0908",
    "license": "MIT",
    "dependencies": {
      "@wepy/core": "^2.0.0-alpha.9",
      "@wepy/x": "^2.0.2",
      "miniprogram-slide-view": "0.0.3",
      "moment": "^2.24.0"
    },
    "devDependencies": {
      "@babel/core": "^7.1.0",
      "@babel/preset-env": "^7.1.0",
      "@wepy/babel-plugin-import-regenerator": "0.0.2",
      "@wepy/cli": "^2.0.0-alpha.18",
      "@wepy/compiler-babel": "^2.0.1",
      "@wepy/compiler-less": "2.0.3",
      "babel-eslint": "^7.2.1",
      "cross-env": "^5.1.3",
      "eslint": "^3.18.0",
      "eslint-config-standard": "^7.1.0",
      "eslint-friendly-formatter": "^2.0.7",
      "eslint-plugin-html": "^2.0.1",
      "eslint-plugin-promise": "^3.5.0",
      "eslint-plugin-standard": "^2.0.1",
      "less": "^3.8.1",
      "wepy-eslint": "^1.5.3"
    }
  }

yarn manifest: 
  No manifest

Lockfile: 
  No lockfile
